build/app/intermediates/manifest_merge_blame_file/release/manifest-merger-blame-release-report.txt
1<?xml version="1.0" encoding="utf-8"?>
2<manifest xmlns:android="http://schemas.android.com/apk/res/android"
3    package="com.inceptrafay.covidtracker"
4    android:versionCode="1"
5    android:versionName="1.0.0" >
6
7    <uses-sdk
8        android:minSdkVersion="16"
8-->src\main\AndroidManifest.xml
9        android:targetSdkVersion="28" />
9-->src\main\AndroidManifest.xml
10    <!--
11         io.flutter.app.FlutterApplication is an android.app.Application that
12         calls FlutterMain.startInitialization(this); in its onCreate method.
13         In most cases you can leave this as-is, but you if you want to provide
14         additional functionality it is fine to subclass or reimplement
15         FlutterApplication and put your custom class here.
16    -->
17    <uses-permission android:name="android.permission.INTERNET" />
17-->src\main\AndroidManifest.xml:7:5-66
17-->src\main\AndroidManifest.xml:7:22-64
18    <uses-permission android:name="android.permission.INTERNET" />
18-->src\main\AndroidManifest.xml:7:5-66
18-->src\main\AndroidManifest.xml:7:22-64
19
20    <application
20-->src\main\AndroidManifest.xml:8:5-30:19
21        android:name="io.flutter.app.FlutterApplication"
21-->src\main\AndroidManifest.xml:8:18-66
22        android:appComponentFactory="androidx.core.app.CoreComponentFactory"
22-->[androidx.core:core:1.1.0] AndroidManifest.xml:24:18-86
23        android:icon="@mipmap/ic_launcher"
23-->src\main\AndroidManifest.xml:8:103-137
24        android:label="Covid Stat Analyzer" >
24-->src\main\AndroidManifest.xml:8:67-102
25        <meta-data
25-->src\main\AndroidManifest.xml:9:9-72
26            android:name="flutterEmbedding"
26-->src\main\AndroidManifest.xml:9:20-51
27            android:value="2" />
27-->src\main\AndroidManifest.xml:9:52-69
28
29        <activity
29-->src\main\AndroidManifest.xml:10:9-26:20
30            android:name="com.inceptrafay.covidtracker.MainActivity"
30-->src\main\AndroidManifest.xml:10:19-47
31            android:configChanges="orientation|keyboardHidden|keyboard|screenSize|smallestScreenSize|locale|layoutDirection|fontScale|screenLayout|density|uiMode"
31-->src\main\AndroidManifest.xml:10:114-264
32            android:hardwareAccelerated="true"
32-->src\main\AndroidManifest.xml:10:265-299
33            android:launchMode="singleTop"
33-->src\main\AndroidManifest.xml:10:48-78
34            android:theme="@style/LaunchTheme"
34-->src\main\AndroidManifest.xml:10:79-113
35            android:windowSoftInputMode="adjustResize" >
35-->src\main\AndroidManifest.xml:10:300-342
36
37            <!--
38                 Specifies an Android theme to apply to this Activity as soon as
39                 the Android process has started. This theme is visible to the user
40                 while the Flutter UI initializes. After that, this theme continues
41                 to determine the Window background behind the Flutter UI.
42            -->
43            <meta-data
43-->src\main\AndroidManifest.xml:15:13-120
44                android:name="io.flutter.embedding.android.NormalTheme"
44-->src\main\AndroidManifest.xml:15:24-79
45                android:resource="@style/NormalTheme" />
45-->src\main\AndroidManifest.xml:15:80-117
46            <!--
47                 Displays an Android View that continues showing the launch screen
48                 Drawable until Flutter paints its first frame, then this splash
49                 screen fades out. A splash screen is useful to avoid any visual
50                 gap between the end of Android's launch screen and the painting of
51                 Flutter's first frame.
52            -->
53            <meta-data
53-->src\main\AndroidManifest.xml:21:13-138
54                android:name="io.flutter.embedding.android.SplashScreenDrawable"
54-->src\main\AndroidManifest.xml:21:24-88
55                android:resource="@drawable/launch_background" />
55-->src\main\AndroidManifest.xml:21:89-135
56
57            <intent-filter>
57-->src\main\AndroidManifest.xml:22:13-25:29
58                <action android:name="android.intent.action.MAIN" />
58-->src\main\AndroidManifest.xml:23:17-68
58-->src\main\AndroidManifest.xml:23:25-66
59
60                <category android:name="android.intent.category.LAUNCHER" />
60-->src\main\AndroidManifest.xml:24:17-76
60-->src\main\AndroidManifest.xml:24:27-74
61            </intent-filter>
62        </activity>
63        <!--
64             Don't delete the meta-data below.
65             This is used by the Flutter tool to generate GeneratedPluginRegistrant.java
66        -->
67        <meta-data
67-->src\main\AndroidManifest.xml:9:9-72
68            android:name="flutterEmbedding"
68-->src\main\AndroidManifest.xml:9:20-51
69            android:value="2" />
69-->src\main\AndroidManifest.xml:9:52-69
70
71        <activity
71-->[:url_launcher] AndroidManifest.xml:8:9-11:74
72            android:name="io.flutter.plugins.urllauncher.WebViewActivity"
72-->[:url_launcher] AndroidManifest.xml:9:13-74
73            android:exported="false"
73-->[:url_launcher] AndroidManifest.xml:10:13-37
74            android:theme="@android:style/Theme.NoTitleBar.Fullscreen" />
74-->[:url_launcher] AndroidManifest.xml:11:13-71
75    </application>
76
77</manifest>